2020-08-16 23:05:11.281  INFO 14584 --- [main] .d.Deptempspbsecurityi18ApplicationTests : Starting Deptempspbsecurityi18ApplicationTests on LAPTOP-1NN8E0HU with PID 14584 (started by udhaya2cse in C:\Users\UDHAYA\Desktop\udhaysts\deptempsecurityi18nh2)
2020-08-16 23:05:11.301  INFO 14584 --- [main] .d.Deptempspbsecurityi18ApplicationTests : No active profile set, falling back to default profiles: default
2020-08-16 23:05:14.068  INFO 14584 --- [main] .s.d.r.c.RepositoryConfigurationDelegate : Bootstrapping Spring Data JPA repositories in DEFERRED mode.
2020-08-16 23:05:14.292  INFO 14584 --- [main] .s.d.r.c.RepositoryConfigurationDelegate : Finished Spring Data repository scanning in 181ms. Found 4 JPA repository interfaces.
2020-08-16 23:05:17.124  INFO 14584 --- [main] o.s.s.concurrent.ThreadPoolTaskExecutor  : Initializing ExecutorService 'applicationTaskExecutor'
2020-08-16 23:05:17.426  INFO 14584 --- [task-1] o.hibernate.jpa.internal.util.LogHelper  : HHH000204: Processing PersistenceUnitInfo [name: default]
2020-08-16 23:05:17.723  WARN 14584 --- [main] JpaBaseConfiguration$JpaWebConfiguration : spring.jpa.open-in-view is enabled by default. Therefore, database queries may be performed during view rendering. Explicitly configure spring.jpa.open-in-view to disable this warning
2020-08-16 23:05:17.825  INFO 14584 --- [task-1] org.hibernate.Version                    : HHH000412: Hibernate ORM core version 5.4.18.Final
2020-08-16 23:05:18.062  INFO 14584 --- [task-1] o.hibernate.annotations.common.Version   : HCANN000001: Hibernate Commons Annotations {5.1.0.Final}
2020-08-16 23:05:19.096  INFO 14584 --- [task-1] com.zaxxer.hikari.HikariDataSource       : HikariPool-1 - Starting...
2020-08-16 23:05:19.094  INFO 14584 --- [main] o.s.s.web.DefaultSecurityFilterChain     : Creating filter chain: any request, [org.springframework.security.web.context.request.async.WebAsyncManagerIntegrationFilter@345cbf40, org.springframework.security.web.context.SecurityContextPersistenceFilter@1ee47d9e, org.springframework.security.web.header.HeaderWriterFilter@480b57e2, org.springframework.security.web.authentication.logout.LogoutFilter@3d90eeb3, org.springframework.security.web.authentication.UsernamePasswordAuthenticationFilter@5f631ca0, org.springframework.security.web.savedrequest.RequestCacheAwareFilter@5dc0ff7d, org.springframework.security.web.servletapi.SecurityContextHolderAwareRequestFilter@1d50a7ca, org.springframework.security.web.authentication.AnonymousAuthenticationFilter@6e3eb0cd, org.springframework.security.web.session.SessionManagementFilter@340d6d89, org.springframework.security.web.access.ExceptionTranslationFilter@127705e4, org.springframework.security.web.access.intercept.FilterSecurityInterceptor@221a2068]
2020-08-16 23:05:20.725  INFO 14584 --- [main] DeferredRepositoryInitializationListener : Triggering deferred initialization of Spring Data repositories…
2020-08-16 23:05:28.211  INFO 14584 --- [task-1] com.zaxxer.hikari.HikariDataSource       : HikariPool-1 - Start completed.
2020-08-16 23:05:28.368  INFO 14584 --- [task-1] org.hibernate.dialect.Dialect            : HHH000400: Using dialect: org.hibernate.dialect.H2Dialect
2020-08-16 23:05:30.183  INFO 14584 --- [task-1] o.h.e.t.j.p.i.JtaPlatformInitiator       : HHH000490: Using JtaPlatform implementation: [org.hibernate.engine.transaction.jta.platform.internal.NoJtaPlatform]
2020-08-16 23:05:30.197  INFO 14584 --- [task-1] j.LocalContainerEntityManagerFactoryBean : Initialized JPA EntityManagerFactory for persistence unit 'default'
2020-08-16 23:05:31.217  INFO 14584 --- [main] DeferredRepositoryInitializationListener : Spring Data repositories initialized!
2020-08-16 23:05:31.249  INFO 14584 --- [main] .d.Deptempspbsecurityi18ApplicationTests : Started Deptempspbsecurityi18ApplicationTests in 21.221 seconds (JVM running for 24.139)
2020-08-16 23:05:31.553  INFO 14584 --- [SpringContextShutdownHook] j.LocalContainerEntityManagerFactoryBean : Closing JPA EntityManagerFactory for persistence unit 'default'
2020-08-16 23:05:31.557  INFO 14584 --- [SpringContextShutdownHook] o.s.s.concurrent.ThreadPoolTaskExecutor  : Shutting down ExecutorService 'applicationTaskExecutor'
2020-08-16 23:05:31.558  INFO 14584 --- [SpringContextShutdownHook] com.zaxxer.hikari.HikariDataSource       : HikariPool-1 - Shutdown initiated...
2020-08-16 23:05:32.000  INFO 14584 --- [SpringContextShutdownHook] com.zaxxer.hikari.HikariDataSource       : HikariPool-1 - Shutdown completed.
2020-08-16 23:07:00.699  INFO 10224 --- [main] .d.Deptempspbsecurityi18ApplicationTests : Starting Deptempspbsecurityi18ApplicationTests on LAPTOP-1NN8E0HU with PID 10224 (started by udhaya2cse in C:\Users\UDHAYA\Desktop\udhaysts\deptempsecurityi18nh2)
2020-08-16 23:07:00.710  INFO 10224 --- [main] .d.Deptempspbsecurityi18ApplicationTests : No active profile set, falling back to default profiles: default
2020-08-16 23:07:01.985  INFO 10224 --- [main] .s.d.r.c.RepositoryConfigurationDelegate : Bootstrapping Spring Data JPA repositories in DEFERRED mode.
2020-08-16 23:07:02.121  INFO 10224 --- [main] .s.d.r.c.RepositoryConfigurationDelegate : Finished Spring Data repository scanning in 120ms. Found 4 JPA repository interfaces.
2020-08-16 23:07:03.621  INFO 10224 --- [main] o.s.s.concurrent.ThreadPoolTaskExecutor  : Initializing ExecutorService 'applicationTaskExecutor'
2020-08-16 23:07:03.764  INFO 10224 --- [task-1] o.hibernate.jpa.internal.util.LogHelper  : HHH000204: Processing PersistenceUnitInfo [name: default]
2020-08-16 23:07:03.901  INFO 10224 --- [task-1] org.hibernate.Version                    : HHH000412: Hibernate ORM core version 5.4.18.Final
2020-08-16 23:07:03.908  WARN 10224 --- [main] JpaBaseConfiguration$JpaWebConfiguration : spring.jpa.open-in-view is enabled by default. Therefore, database queries may be performed during view rendering. Explicitly configure spring.jpa.open-in-view to disable this warning
2020-08-16 23:07:04.036  INFO 10224 --- [task-1] o.hibernate.annotations.common.Version   : HCANN000001: Hibernate Commons Annotations {5.1.0.Final}
2020-08-16 23:07:04.857  INFO 10224 --- [main] o.s.s.web.DefaultSecurityFilterChain     : Creating filter chain: any request, [org.springframework.security.web.context.request.async.WebAsyncManagerIntegrationFilter@4f8d86e4, org.springframework.security.web.context.SecurityContextPersistenceFilter@3f36e8d1, org.springframework.security.web.header.HeaderWriterFilter@3fb9a67f, org.springframework.security.web.authentication.logout.LogoutFilter@138aa3cc, org.springframework.security.web.authentication.UsernamePasswordAuthenticationFilter@3b7eac14, org.springframework.security.web.savedrequest.RequestCacheAwareFilter@794366a5, org.springframework.security.web.servletapi.SecurityContextHolderAwareRequestFilter@41da3aee, org.springframework.security.web.authentication.AnonymousAuthenticationFilter@5f631ca0, org.springframework.security.web.session.SessionManagementFilter@5562c2c9, org.springframework.security.web.access.ExceptionTranslationFilter@7219ac49, org.springframework.security.web.access.intercept.FilterSecurityInterceptor@4694f434]
2020-08-16 23:07:04.875  INFO 10224 --- [task-1] com.zaxxer.hikari.HikariDataSource       : HikariPool-1 - Starting...
2020-08-16 23:07:06.251  INFO 10224 --- [main] DeferredRepositoryInitializationListener : Triggering deferred initialization of Spring Data repositories…
2020-08-16 23:07:10.061  INFO 10224 --- [task-1] com.zaxxer.hikari.HikariDataSource       : HikariPool-1 - Start completed.
2020-08-16 23:07:10.086  INFO 10224 --- [task-1] org.hibernate.dialect.Dialect            : HHH000400: Using dialect: org.hibernate.dialect.H2Dialect
2020-08-16 23:07:11.024  INFO 10224 --- [task-1] o.h.e.t.j.p.i.JtaPlatformInitiator       : HHH000490: Using JtaPlatform implementation: [org.hibernate.engine.transaction.jta.platform.internal.NoJtaPlatform]
2020-08-16 23:07:11.040  INFO 10224 --- [task-1] j.LocalContainerEntityManagerFactoryBean : Initialized JPA EntityManagerFactory for persistence unit 'default'
2020-08-16 23:07:11.645  INFO 10224 --- [main] DeferredRepositoryInitializationListener : Spring Data repositories initialized!
2020-08-16 23:07:11.654  INFO 10224 --- [main] .d.Deptempspbsecurityi18ApplicationTests : Started Deptempspbsecurityi18ApplicationTests in 11.696 seconds (JVM running for 13.017)
2020-08-16 23:07:11.789  INFO 10224 --- [SpringContextShutdownHook] j.LocalContainerEntityManagerFactoryBean : Closing JPA EntityManagerFactory for persistence unit 'default'
2020-08-16 23:07:11.795  INFO 10224 --- [SpringContextShutdownHook] o.s.s.concurrent.ThreadPoolTaskExecutor  : Shutting down ExecutorService 'applicationTaskExecutor'
2020-08-16 23:07:11.796  INFO 10224 --- [SpringContextShutdownHook] com.zaxxer.hikari.HikariDataSource       : HikariPool-1 - Shutdown initiated...
2020-08-16 23:07:12.094  INFO 10224 --- [SpringContextShutdownHook] com.zaxxer.hikari.HikariDataSource       : HikariPool-1 - Shutdown completed.
2020-08-16 23:11:53.000  INFO 2356 --- [main] .d.Deptempspbsecurityi18ApplicationTests : Starting Deptempspbsecurityi18ApplicationTests on LAPTOP-1NN8E0HU with PID 2356 (started by udhaya2cse in C:\Users\UDHAYA\Desktop\udhaysts\deptempsecurityi18nh2)
2020-08-16 23:11:53.005  INFO 2356 --- [main] .d.Deptempspbsecurityi18ApplicationTests : No active profile set, falling back to default profiles: default
2020-08-16 23:11:54.708  INFO 2356 --- [main] .s.d.r.c.RepositoryConfigurationDelegate : Bootstrapping Spring Data JPA repositories in DEFERRED mode.
2020-08-16 23:11:54.869  INFO 2356 --- [main] .s.d.r.c.RepositoryConfigurationDelegate : Finished Spring Data repository scanning in 145ms. Found 4 JPA repository interfaces.
2020-08-16 23:11:56.399  INFO 2356 --- [main] o.s.s.concurrent.ThreadPoolTaskExecutor  : Initializing ExecutorService 'applicationTaskExecutor'
2020-08-16 23:11:56.525  INFO 2356 --- [task-1] o.hibernate.jpa.internal.util.LogHelper  : HHH000204: Processing PersistenceUnitInfo [name: default]
2020-08-16 23:11:56.654  INFO 2356 --- [task-1] org.hibernate.Version                    : HHH000412: Hibernate ORM core version 5.4.18.Final
2020-08-16 23:11:56.662  WARN 2356 --- [main] JpaBaseConfiguration$JpaWebConfiguration : spring.jpa.open-in-view is enabled by default. Therefore, database queries may be performed during view rendering. Explicitly configure spring.jpa.open-in-view to disable this warning
2020-08-16 23:11:56.777  INFO 2356 --- [task-1] o.hibernate.annotations.common.Version   : HCANN000001: Hibernate Commons Annotations {5.1.0.Final}
2020-08-16 23:11:57.527  INFO 2356 --- [task-1] com.zaxxer.hikari.HikariDataSource       : HikariPool-1 - Starting...
2020-08-16 23:11:57.542  INFO 2356 --- [main] o.s.s.web.DefaultSecurityFilterChain     : Creating filter chain: any request, [org.springframework.security.web.context.request.async.WebAsyncManagerIntegrationFilter@3134153d, org.springframework.security.web.context.SecurityContextPersistenceFilter@40f35e52, org.springframework.security.web.header.HeaderWriterFilter@15c487a8, org.springframework.security.web.authentication.logout.LogoutFilter@1945113f, org.springframework.security.web.authentication.UsernamePasswordAuthenticationFilter@31142d58, org.springframework.security.web.savedrequest.RequestCacheAwareFilter@561953e3, org.springframework.security.web.servletapi.SecurityContextHolderAwareRequestFilter@493ac8d3, org.springframework.security.web.authentication.AnonymousAuthenticationFilter@767599a7, org.springframework.security.web.session.SessionManagementFilter@7c011174, org.springframework.security.web.access.ExceptionTranslationFilter@5d1e0fbb, org.springframework.security.web.access.intercept.FilterSecurityInterceptor@3b1dc579]
2020-08-16 23:11:58.846  INFO 2356 --- [main] DeferredRepositoryInitializationListener : Triggering deferred initialization of Spring Data repositories…
2020-08-16 23:12:02.641  INFO 2356 --- [task-1] com.zaxxer.hikari.HikariDataSource       : HikariPool-1 - Start completed.
2020-08-16 23:12:02.664  INFO 2356 --- [task-1] org.hibernate.dialect.Dialect            : HHH000400: Using dialect: org.hibernate.dialect.H2Dialect
2020-08-16 23:12:03.569  INFO 2356 --- [task-1] o.h.e.t.j.p.i.JtaPlatformInitiator       : HHH000490: Using JtaPlatform implementation: [org.hibernate.engine.transaction.jta.platform.internal.NoJtaPlatform]
2020-08-16 23:12:03.583  INFO 2356 --- [task-1] j.LocalContainerEntityManagerFactoryBean : Initialized JPA EntityManagerFactory for persistence unit 'default'
2020-08-16 23:12:04.286  INFO 2356 --- [main] DeferredRepositoryInitializationListener : Spring Data repositories initialized!
2020-08-16 23:12:04.300  INFO 2356 --- [main] .d.Deptempspbsecurityi18ApplicationTests : Started Deptempspbsecurityi18ApplicationTests in 11.906 seconds (JVM running for 13.188)
2020-08-16 23:12:04.430  INFO 2356 --- [SpringContextShutdownHook] j.LocalContainerEntityManagerFactoryBean : Closing JPA EntityManagerFactory for persistence unit 'default'
2020-08-16 23:12:04.438  INFO 2356 --- [SpringContextShutdownHook] o.s.s.concurrent.ThreadPoolTaskExecutor  : Shutting down ExecutorService 'applicationTaskExecutor'
2020-08-16 23:12:04.440  INFO 2356 --- [SpringContextShutdownHook] com.zaxxer.hikari.HikariDataSource       : HikariPool-1 - Shutdown initiated...
2020-08-16 23:12:04.732  INFO 2356 --- [SpringContextShutdownHook] com.zaxxer.hikari.HikariDataSource       : HikariPool-1 - Shutdown completed.
2020-08-16 23:12:31.577  INFO 6544 --- [main] .d.Deptempspbsecurityi18ApplicationTests : Starting Deptempspbsecurityi18ApplicationTests on LAPTOP-1NN8E0HU with PID 6544 (started by udhaya2cse in C:\Users\UDHAYA\Desktop\udhaysts\deptempsecurityi18nh2)
2020-08-16 23:12:31.579  INFO 6544 --- [main] .d.Deptempspbsecurityi18ApplicationTests : No active profile set, falling back to default profiles: default
2020-08-16 23:12:32.851  INFO 6544 --- [main] .s.d.r.c.RepositoryConfigurationDelegate : Bootstrapping Spring Data JPA repositories in DEFERRED mode.
2020-08-16 23:12:32.977  INFO 6544 --- [main] .s.d.r.c.RepositoryConfigurationDelegate : Finished Spring Data repository scanning in 110ms. Found 4 JPA repository interfaces.
2020-08-16 23:12:34.387  INFO 6544 --- [main] o.s.s.concurrent.ThreadPoolTaskExecutor  : Initializing ExecutorService 'applicationTaskExecutor'
2020-08-16 23:12:34.499  INFO 6544 --- [task-1] o.hibernate.jpa.internal.util.LogHelper  : HHH000204: Processing PersistenceUnitInfo [name: default]
2020-08-16 23:12:34.651  WARN 6544 --- [main] JpaBaseConfiguration$JpaWebConfiguration : spring.jpa.open-in-view is enabled by default. Therefore, database queries may be performed during view rendering. Explicitly configure spring.jpa.open-in-view to disable this warning
2020-08-16 23:12:34.664  INFO 6544 --- [task-1] org.hibernate.Version                    : HHH000412: Hibernate ORM core version 5.4.18.Final
2020-08-16 23:12:34.781  INFO 6544 --- [task-1] o.hibernate.annotations.common.Version   : HCANN000001: Hibernate Commons Annotations {5.1.0.Final}
2020-08-16 23:12:35.599  INFO 6544 --- [task-1] com.zaxxer.hikari.HikariDataSource       : HikariPool-1 - Starting...
2020-08-16 23:12:35.624  INFO 6544 --- [main] o.s.s.web.DefaultSecurityFilterChain     : Creating filter chain: any request, [org.springframework.security.web.context.request.async.WebAsyncManagerIntegrationFilter@101ca8da, org.springframework.security.web.context.SecurityContextPersistenceFilter@77f991c, org.springframework.security.web.header.HeaderWriterFilter@798dad3d, org.springframework.security.web.authentication.logout.LogoutFilter@7885776b, org.springframework.security.web.authentication.UsernamePasswordAuthenticationFilter@5649d11a, org.springframework.security.web.savedrequest.RequestCacheAwareFilter@2ceee4b6, org.springframework.security.web.servletapi.SecurityContextHolderAwareRequestFilter@4bdf, org.springframework.security.web.authentication.AnonymousAuthenticationFilter@20a967fe, org.springframework.security.web.session.SessionManagementFilter@696db620, org.springframework.security.web.access.ExceptionTranslationFilter@92d1782, org.springframework.security.web.access.intercept.FilterSecurityInterceptor@78cfa264]
2020-08-16 23:12:36.973  INFO 6544 --- [main] DeferredRepositoryInitializationListener : Triggering deferred initialization of Spring Data repositories…
2020-08-16 23:12:40.675  INFO 6544 --- [task-1] com.zaxxer.hikari.HikariDataSource       : HikariPool-1 - Start completed.
2020-08-16 23:12:40.696  INFO 6544 --- [task-1] org.hibernate.dialect.Dialect            : HHH000400: Using dialect: org.hibernate.dialect.H2Dialect
2020-08-16 23:12:41.724  INFO 6544 --- [task-1] o.h.e.t.j.p.i.JtaPlatformInitiator       : HHH000490: Using JtaPlatform implementation: [org.hibernate.engine.transaction.jta.platform.internal.NoJtaPlatform]
2020-08-16 23:12:41.738  INFO 6544 --- [task-1] j.LocalContainerEntityManagerFactoryBean : Initialized JPA EntityManagerFactory for persistence unit 'default'
2020-08-16 23:12:42.140  INFO 6544 --- [main] DeferredRepositoryInitializationListener : Spring Data repositories initialized!
2020-08-16 23:12:42.152  INFO 6544 --- [main] .d.Deptempspbsecurityi18ApplicationTests : Started Deptempspbsecurityi18ApplicationTests in 11.065 seconds (JVM running for 13.183)
2020-08-16 23:12:42.306  INFO 6544 --- [SpringContextShutdownHook] j.LocalContainerEntityManagerFactoryBean : Closing JPA EntityManagerFactory for persistence unit 'default'
2020-08-16 23:12:42.309  INFO 6544 --- [SpringContextShutdownHook] o.s.s.concurrent.ThreadPoolTaskExecutor  : Shutting down ExecutorService 'applicationTaskExecutor'
2020-08-16 23:12:42.311  INFO 6544 --- [SpringContextShutdownHook] com.zaxxer.hikari.HikariDataSource       : HikariPool-1 - Shutdown initiated...
2020-08-16 23:12:42.635  INFO 6544 --- [SpringContextShutdownHook] com.zaxxer.hikari.HikariDataSource       : HikariPool-1 - Shutdown completed.
2020-08-16 23:13:26.573  INFO 11684 --- [main] .d.Deptempspbsecurityi18ApplicationTests : Starting Deptempspbsecurityi18ApplicationTests on LAPTOP-1NN8E0HU with PID 11684 (started by udhaya2cse in C:\Users\UDHAYA\Desktop\udhaysts\deptempsecurityi18nh2)
2020-08-16 23:13:26.577  INFO 11684 --- [main] .d.Deptempspbsecurityi18ApplicationTests : No active profile set, falling back to default profiles: default
2020-08-16 23:13:27.817  INFO 11684 --- [main] .s.d.r.c.RepositoryConfigurationDelegate : Bootstrapping Spring Data JPA repositories in DEFERRED mode.
2020-08-16 23:13:27.965  INFO 11684 --- [main] .s.d.r.c.RepositoryConfigurationDelegate : Finished Spring Data repository scanning in 137ms. Found 4 JPA repository interfaces.
2020-08-16 23:13:29.404  INFO 11684 --- [main] o.s.s.concurrent.ThreadPoolTaskExecutor  : Initializing ExecutorService 'applicationTaskExecutor'
2020-08-16 23:13:29.508  INFO 11684 --- [task-1] o.hibernate.jpa.internal.util.LogHelper  : HHH000204: Processing PersistenceUnitInfo [name: default]
2020-08-16 23:13:29.636  INFO 11684 --- [task-1] org.hibernate.Version                    : HHH000412: Hibernate ORM core version 5.4.18.Final
2020-08-16 23:13:29.676  WARN 11684 --- [main] JpaBaseConfiguration$JpaWebConfiguration : spring.jpa.open-in-view is enabled by default. Therefore, database queries may be performed during view rendering. Explicitly configure spring.jpa.open-in-view to disable this warning
2020-08-16 23:13:29.747  INFO 11684 --- [task-1] o.hibernate.annotations.common.Version   : HCANN000001: Hibernate Commons Annotations {5.1.0.Final}
2020-08-16 23:13:30.620  INFO 11684 --- [task-1] com.zaxxer.hikari.HikariDataSource       : HikariPool-1 - Starting...
2020-08-16 23:13:30.627  INFO 11684 --- [main] o.s.s.web.DefaultSecurityFilterChain     : Creating filter chain: any request, [org.springframework.security.web.context.request.async.WebAsyncManagerIntegrationFilter@294f9d50, org.springframework.security.web.context.SecurityContextPersistenceFilter@42f85fa4, org.springframework.security.web.header.HeaderWriterFilter@6a1ef65c, org.springframework.security.web.authentication.logout.LogoutFilter@7cfac39f, org.springframework.security.web.authentication.UsernamePasswordAuthenticationFilter@4887de2b, org.springframework.security.web.savedrequest.RequestCacheAwareFilter@27abb6ca, org.springframework.security.web.servletapi.SecurityContextHolderAwareRequestFilter@12a470dd, org.springframework.security.web.authentication.AnonymousAuthenticationFilter@27443560, org.springframework.security.web.session.SessionManagementFilter@726934e2, org.springframework.security.web.access.ExceptionTranslationFilter@1163a27, org.springframework.security.web.access.intercept.FilterSecurityInterceptor@7f7b6639]
2020-08-16 23:13:32.098  INFO 11684 --- [main] DeferredRepositoryInitializationListener : Triggering deferred initialization of Spring Data repositories…
2020-08-16 23:13:35.689  INFO 11684 --- [task-1] com.zaxxer.hikari.HikariDataSource       : HikariPool-1 - Start completed.
2020-08-16 23:13:35.714  INFO 11684 --- [task-1] org.hibernate.dialect.Dialect            : HHH000400: Using dialect: org.hibernate.dialect.H2Dialect
2020-08-16 23:13:36.840  INFO 11684 --- [task-1] o.h.e.t.j.p.i.JtaPlatformInitiator       : HHH000490: Using JtaPlatform implementation: [org.hibernate.engine.transaction.jta.platform.internal.NoJtaPlatform]
2020-08-16 23:13:36.854  INFO 11684 --- [task-1] j.LocalContainerEntityManagerFactoryBean : Initialized JPA EntityManagerFactory for persistence unit 'default'
2020-08-16 23:13:37.233  INFO 11684 --- [main] DeferredRepositoryInitializationListener : Spring Data repositories initialized!
2020-08-16 23:13:37.242  INFO 11684 --- [main] .d.Deptempspbsecurityi18ApplicationTests : Started Deptempspbsecurityi18ApplicationTests in 11.308 seconds (JVM running for 12.816)
2020-08-16 23:13:37.364  INFO 11684 --- [SpringContextShutdownHook] j.LocalContainerEntityManagerFactoryBean : Closing JPA EntityManagerFactory for persistence unit 'default'
2020-08-16 23:13:37.370  INFO 11684 --- [SpringContextShutdownHook] o.s.s.concurrent.ThreadPoolTaskExecutor  : Shutting down ExecutorService 'applicationTaskExecutor'
2020-08-16 23:13:37.371  INFO 11684 --- [SpringContextShutdownHook] com.zaxxer.hikari.HikariDataSource       : HikariPool-1 - Shutdown initiated...
2020-08-16 23:13:37.677  INFO 11684 --- [SpringContextShutdownHook] com.zaxxer.hikari.HikariDataSource       : HikariPool-1 - Shutdown completed.
2020-08-16 23:13:54.222  INFO 11188 --- [main] .d.Deptempspbsecurityi18ApplicationTests : Starting Deptempspbsecurityi18ApplicationTests on LAPTOP-1NN8E0HU with PID 11188 (started by udhaya2cse in C:\Users\UDHAYA\Desktop\udhaysts\deptempsecurityi18nh2)
2020-08-16 23:13:54.224  INFO 11188 --- [main] .d.Deptempspbsecurityi18ApplicationTests : No active profile set, falling back to default profiles: default
2020-08-16 23:13:55.435  INFO 11188 --- [main] .s.d.r.c.RepositoryConfigurationDelegate : Bootstrapping Spring Data JPA repositories in DEFERRED mode.
2020-08-16 23:13:55.583  INFO 11188 --- [main] .s.d.r.c.RepositoryConfigurationDelegate : Finished Spring Data repository scanning in 136ms. Found 4 JPA repository interfaces.
2020-08-16 23:13:57.051  INFO 11188 --- [main] o.s.s.concurrent.ThreadPoolTaskExecutor  : Initializing ExecutorService 'applicationTaskExecutor'
2020-08-16 23:13:57.188  INFO 11188 --- [task-1] o.hibernate.jpa.internal.util.LogHelper  : HHH000204: Processing PersistenceUnitInfo [name: default]
2020-08-16 23:13:57.327  INFO 11188 --- [task-1] org.hibernate.Version                    : HHH000412: Hibernate ORM core version 5.4.18.Final
2020-08-16 23:13:57.345  WARN 11188 --- [main] JpaBaseConfiguration$JpaWebConfiguration : spring.jpa.open-in-view is enabled by default. Therefore, database queries may be performed during view rendering. Explicitly configure spring.jpa.open-in-view to disable this warning
2020-08-16 23:13:57.430  INFO 11188 --- [task-1] o.hibernate.annotations.common.Version   : HCANN000001: Hibernate Commons Annotations {5.1.0.Final}
2020-08-16 23:13:58.297  INFO 11188 --- [main] o.s.s.web.DefaultSecurityFilterChain     : Creating filter chain: any request, [org.springframework.security.web.context.request.async.WebAsyncManagerIntegrationFilter@101ca8da, org.springframework.security.web.context.SecurityContextPersistenceFilter@77f991c, org.springframework.security.web.header.HeaderWriterFilter@798dad3d, org.springframework.security.web.authentication.logout.LogoutFilter@7885776b, org.springframework.security.web.authentication.UsernamePasswordAuthenticationFilter@5649d11a, org.springframework.security.web.savedrequest.RequestCacheAwareFilter@2ceee4b6, org.springframework.security.web.servletapi.SecurityContextHolderAwareRequestFilter@4bdf, org.springframework.security.web.authentication.AnonymousAuthenticationFilter@20a967fe, org.springframework.security.web.session.SessionManagementFilter@696db620, org.springframework.security.web.access.ExceptionTranslationFilter@92d1782, org.springframework.security.web.access.intercept.FilterSecurityInterceptor@78cfa264]
2020-08-16 23:13:58.316  INFO 11188 --- [task-1] com.zaxxer.hikari.HikariDataSource       : HikariPool-1 - Starting...
2020-08-16 23:13:59.638  INFO 11188 --- [main] DeferredRepositoryInitializationListener : Triggering deferred initialization of Spring Data repositories…
2020-08-16 23:14:03.409  INFO 11188 --- [task-1] com.zaxxer.hikari.HikariDataSource       : HikariPool-1 - Start completed.
2020-08-16 23:14:03.434  INFO 11188 --- [task-1] org.hibernate.dialect.Dialect            : HHH000400: Using dialect: org.hibernate.dialect.H2Dialect
2020-08-16 23:14:04.482  INFO 11188 --- [task-1] o.h.e.t.j.p.i.JtaPlatformInitiator       : HHH000490: Using JtaPlatform implementation: [org.hibernate.engine.transaction.jta.platform.internal.NoJtaPlatform]
2020-08-16 23:14:04.494  INFO 11188 --- [task-1] j.LocalContainerEntityManagerFactoryBean : Initialized JPA EntityManagerFactory for persistence unit 'default'
2020-08-16 23:14:04.895  INFO 11188 --- [main] DeferredRepositoryInitializationListener : Spring Data repositories initialized!
2020-08-16 23:14:04.906  INFO 11188 --- [main] .d.Deptempspbsecurityi18ApplicationTests : Started Deptempspbsecurityi18ApplicationTests in 11.343 seconds (JVM running for 12.818)
2020-08-16 23:14:05.053  INFO 11188 --- [SpringContextShutdownHook] j.LocalContainerEntityManagerFactoryBean : Closing JPA EntityManagerFactory for persistence unit 'default'
2020-08-16 23:14:05.058  INFO 11188 --- [SpringContextShutdownHook] o.s.s.concurrent.ThreadPoolTaskExecutor  : Shutting down ExecutorService 'applicationTaskExecutor'
2020-08-16 23:14:05.059  INFO 11188 --- [SpringContextShutdownHook] com.zaxxer.hikari.HikariDataSource       : HikariPool-1 - Shutdown initiated...
2020-08-16 23:14:05.385  INFO 11188 --- [SpringContextShutdownHook] com.zaxxer.hikari.HikariDataSource       : HikariPool-1 - Shutdown completed.
2020-08-16 23:14:45.323  INFO 8692 --- [main] .d.Deptempspbsecurityi18ApplicationTests : Starting Deptempspbsecurityi18ApplicationTests on LAPTOP-1NN8E0HU with PID 8692 (started by udhaya2cse in C:\Users\UDHAYA\Desktop\udhaysts\deptempsecurityi18nh2)
2020-08-16 23:14:45.324  INFO 8692 --- [main] .d.Deptempspbsecurityi18ApplicationTests : No active profile set, falling back to default profiles: default
2020-08-16 23:14:46.517  INFO 8692 --- [main] .s.d.r.c.RepositoryConfigurationDelegate : Bootstrapping Spring Data JPA repositories in DEFERRED mode.
2020-08-16 23:14:46.652  INFO 8692 --- [main] .s.d.r.c.RepositoryConfigurationDelegate : Finished Spring Data repository scanning in 122ms. Found 4 JPA repository interfaces.
2020-08-16 23:14:48.168  INFO 8692 --- [main] o.s.s.concurrent.ThreadPoolTaskExecutor  : Initializing ExecutorService 'applicationTaskExecutor'
2020-08-16 23:14:48.279  INFO 8692 --- [task-1] o.hibernate.jpa.internal.util.LogHelper  : HHH000204: Processing PersistenceUnitInfo [name: default]
2020-08-16 23:14:48.416  WARN 8692 --- [main] JpaBaseConfiguration$JpaWebConfiguration : spring.jpa.open-in-view is enabled by default. Therefore, database queries may be performed during view rendering. Explicitly configure spring.jpa.open-in-view to disable this warning
2020-08-16 23:14:48.429  INFO 8692 --- [task-1] org.hibernate.Version                    : HHH000412: Hibernate ORM core version 5.4.18.Final
2020-08-16 23:14:48.539  INFO 8692 --- [task-1] o.hibernate.annotations.common.Version   : HCANN000001: Hibernate Commons Annotations {5.1.0.Final}
2020-08-16 23:14:49.359  INFO 8692 --- [main] o.s.s.web.DefaultSecurityFilterChain     : Creating filter chain: any request, [org.springframework.security.web.context.request.async.WebAsyncManagerIntegrationFilter@769bd849, org.springframework.security.web.context.SecurityContextPersistenceFilter@7d986d83, org.springframework.security.web.header.HeaderWriterFilter@42f85fa4, org.springframework.security.web.authentication.logout.LogoutFilter@7235f92b, org.springframework.security.web.authentication.UsernamePasswordAuthenticationFilter@759de304, org.springframework.security.web.savedrequest.RequestCacheAwareFilter@3a7e365, org.springframework.security.web.servletapi.SecurityContextHolderAwareRequestFilter@13c8ac77, org.springframework.security.web.authentication.AnonymousAuthenticationFilter@101ca8da, org.springframework.security.web.session.SessionManagementFilter@27abb6ca, org.springframework.security.web.access.ExceptionTranslationFilter@b0fd744, org.springframework.security.web.access.intercept.FilterSecurityInterceptor@6cd15072]
2020-08-16 23:14:49.382  INFO 8692 --- [task-1] com.zaxxer.hikari.HikariDataSource       : HikariPool-1 - Starting...
2020-08-16 23:14:50.726  INFO 8692 --- [main] DeferredRepositoryInitializationListener : Triggering deferred initialization of Spring Data repositories…
2020-08-16 23:14:54.477  INFO 8692 --- [task-1] com.zaxxer.hikari.HikariDataSource       : HikariPool-1 - Start completed.
2020-08-16 23:14:54.502  INFO 8692 --- [task-1] org.hibernate.dialect.Dialect            : HHH000400: Using dialect: org.hibernate.dialect.H2Dialect
2020-08-16 23:14:55.599  INFO 8692 --- [task-1] o.h.e.t.j.p.i.JtaPlatformInitiator       : HHH000490: Using JtaPlatform implementation: [org.hibernate.engine.transaction.jta.platform.internal.NoJtaPlatform]
2020-08-16 23:14:55.613  INFO 8692 --- [task-1] j.LocalContainerEntityManagerFactoryBean : Initialized JPA EntityManagerFactory for persistence unit 'default'
2020-08-16 23:14:56.018  INFO 8692 --- [main] DeferredRepositoryInitializationListener : Spring Data repositories initialized!
2020-08-16 23:14:56.030  INFO 8692 --- [main] .d.Deptempspbsecurityi18ApplicationTests : Started Deptempspbsecurityi18ApplicationTests in 11.373 seconds (JVM running for 12.865)
2020-08-16 23:14:56.111  INFO 8692 --- [SpringContextShutdownHook] j.LocalContainerEntityManagerFactoryBean : Closing JPA EntityManagerFactory for persistence unit 'default'
2020-08-16 23:14:56.122  INFO 8692 --- [SpringContextShutdownHook] o.s.s.concurrent.ThreadPoolTaskExecutor  : Shutting down ExecutorService 'applicationTaskExecutor'
2020-08-16 23:14:56.123  INFO 8692 --- [SpringContextShutdownHook] com.zaxxer.hikari.HikariDataSource       : HikariPool-1 - Shutdown initiated...
2020-08-16 23:14:56.416  INFO 8692 --- [SpringContextShutdownHook] com.zaxxer.hikari.HikariDataSource       : HikariPool-1 - Shutdown completed.
2020-08-16 23:16:02.414  INFO 4912 --- [main] .d.Deptempspbsecurityi18ApplicationTests : Starting Deptempspbsecurityi18ApplicationTests on LAPTOP-1NN8E0HU with PID 4912 (started by udhaya2cse in C:\Users\UDHAYA\Desktop\udhaysts\deptempsecurityi18nh2)
2020-08-16 23:16:02.416  INFO 4912 --- [main] .d.Deptempspbsecurityi18ApplicationTests : No active profile set, falling back to default profiles: default
2020-08-16 23:16:03.622  INFO 4912 --- [main] .s.d.r.c.RepositoryConfigurationDelegate : Bootstrapping Spring Data JPA repositories in DEFERRED mode.
2020-08-16 23:16:03.744  INFO 4912 --- [main] .s.d.r.c.RepositoryConfigurationDelegate : Finished Spring Data repository scanning in 111ms. Found 4 JPA repository interfaces.
2020-08-16 23:16:05.140  INFO 4912 --- [main] o.s.s.concurrent.ThreadPoolTaskExecutor  : Initializing ExecutorService 'applicationTaskExecutor'
2020-08-16 23:16:05.260  INFO 4912 --- [task-1] o.hibernate.jpa.internal.util.LogHelper  : HHH000204: Processing PersistenceUnitInfo [name: default]
2020-08-16 23:16:05.371  WARN 4912 --- [main] JpaBaseConfiguration$JpaWebConfiguration : spring.jpa.open-in-view is enabled by default. Therefore, database queries may be performed during view rendering. Explicitly configure spring.jpa.open-in-view to disable this warning
2020-08-16 23:16:05.407  INFO 4912 --- [task-1] org.hibernate.Version                    : HHH000412: Hibernate ORM core version 5.4.18.Final
2020-08-16 23:16:05.526  INFO 4912 --- [task-1] o.hibernate.annotations.common.Version   : HCANN000001: Hibernate Commons Annotations {5.1.0.Final}
2020-08-16 23:16:06.351  INFO 4912 --- [task-1] com.zaxxer.hikari.HikariDataSource       : HikariPool-1 - Starting...
2020-08-16 23:16:06.389  INFO 4912 --- [main] o.s.s.web.DefaultSecurityFilterChain     : Creating filter chain: any request, [org.springframework.security.web.context.request.async.WebAsyncManagerIntegrationFilter@101ca8da, org.springframework.security.web.context.SecurityContextPersistenceFilter@77f991c, org.springframework.security.web.header.HeaderWriterFilter@798dad3d, org.springframework.security.web.authentication.logout.LogoutFilter@7885776b, org.springframework.security.web.authentication.UsernamePasswordAuthenticationFilter@5649d11a, org.springframework.security.web.savedrequest.RequestCacheAwareFilter@2ceee4b6, org.springframework.security.web.servletapi.SecurityContextHolderAwareRequestFilter@4bdf, org.springframework.security.web.authentication.AnonymousAuthenticationFilter@20a967fe, org.springframework.security.web.session.SessionManagementFilter@696db620, org.springframework.security.web.access.ExceptionTranslationFilter@92d1782, org.springframework.security.web.access.intercept.FilterSecurityInterceptor@78cfa264]
2020-08-16 23:16:07.716  INFO 4912 --- [main] DeferredRepositoryInitializationListener : Triggering deferred initialization of Spring Data repositories…
2020-08-16 23:16:11.444  INFO 4912 --- [task-1] com.zaxxer.hikari.HikariDataSource       : HikariPool-1 - Start completed.
2020-08-16 23:16:11.466  INFO 4912 --- [task-1] org.hibernate.dialect.Dialect            : HHH000400: Using dialect: org.hibernate.dialect.H2Dialect
2020-08-16 23:16:12.517  INFO 4912 --- [task-1] o.h.e.t.j.p.i.JtaPlatformInitiator       : HHH000490: Using JtaPlatform implementation: [org.hibernate.engine.transaction.jta.platform.internal.NoJtaPlatform]
2020-08-16 23:16:12.533  INFO 4912 --- [task-1] j.LocalContainerEntityManagerFactoryBean : Initialized JPA EntityManagerFactory for persistence unit 'default'
2020-08-16 23:16:12.964  INFO 4912 --- [main] DeferredRepositoryInitializationListener : Spring Data repositories initialized!
2020-08-16 23:16:12.977  INFO 4912 --- [main] .d.Deptempspbsecurityi18ApplicationTests : Started Deptempspbsecurityi18ApplicationTests in 11.213 seconds (JVM running for 12.726)
2020-08-16 23:16:13.122  INFO 4912 --- [SpringContextShutdownHook] j.LocalContainerEntityManagerFactoryBean : Closing JPA EntityManagerFactory for persistence unit 'default'
2020-08-16 23:16:13.128  INFO 4912 --- [SpringContextShutdownHook] o.s.s.concurrent.ThreadPoolTaskExecutor  : Shutting down ExecutorService 'applicationTaskExecutor'
2020-08-16 23:16:13.129  INFO 4912 --- [SpringContextShutdownHook] com.zaxxer.hikari.HikariDataSource       : HikariPool-1 - Shutdown initiated...
2020-08-16 23:16:13.438  INFO 4912 --- [SpringContextShutdownHook] com.zaxxer.hikari.HikariDataSource       : HikariPool-1 - Shutdown completed.
2020-08-16 23:16:28.856  INFO 4596 --- [main] .d.Deptempspbsecurityi18ApplicationTests : Starting Deptempspbsecurityi18ApplicationTests on LAPTOP-1NN8E0HU with PID 4596 (started by udhaya2cse in C:\Users\UDHAYA\Desktop\udhaysts\deptempsecurityi18nh2)
2020-08-16 23:16:28.858  INFO 4596 --- [main] .d.Deptempspbsecurityi18ApplicationTests : No active profile set, falling back to default profiles: default
2020-08-16 23:16:30.156  INFO 4596 --- [main] .s.d.r.c.RepositoryConfigurationDelegate : Bootstrapping Spring Data JPA repositories in DEFERRED mode.
2020-08-16 23:16:30.280  INFO 4596 --- [main] .s.d.r.c.RepositoryConfigurationDelegate : Finished Spring Data repository scanning in 112ms. Found 4 JPA repository interfaces.
2020-08-16 23:16:31.697  INFO 4596 --- [main] o.s.s.concurrent.ThreadPoolTaskExecutor  : Initializing ExecutorService 'applicationTaskExecutor'
2020-08-16 23:16:31.846  INFO 4596 --- [task-1] o.hibernate.jpa.internal.util.LogHelper  : HHH000204: Processing PersistenceUnitInfo [name: default]
2020-08-16 23:16:31.978  WARN 4596 --- [main] JpaBaseConfiguration$JpaWebConfiguration : spring.jpa.open-in-view is enabled by default. Therefore, database queries may be performed during view rendering. Explicitly configure spring.jpa.open-in-view to disable this warning
2020-08-16 23:16:31.983  INFO 4596 --- [task-1] org.hibernate.Version                    : HHH000412: Hibernate ORM core version 5.4.18.Final
2020-08-16 23:16:32.103  INFO 4596 --- [task-1] o.hibernate.annotations.common.Version   : HCANN000001: Hibernate Commons Annotations {5.1.0.Final}
2020-08-16 23:16:32.957  INFO 4596 --- [main] o.s.s.web.DefaultSecurityFilterChain     : Creating filter chain: any request, [org.springframework.security.web.context.request.async.WebAsyncManagerIntegrationFilter@769bd849, org.springframework.security.web.context.SecurityContextPersistenceFilter@7d986d83, org.springframework.security.web.header.HeaderWriterFilter@42f85fa4, org.springframework.security.web.authentication.logout.LogoutFilter@7235f92b, org.springframework.security.web.authentication.UsernamePasswordAuthenticationFilter@759de304, org.springframework.security.web.savedrequest.RequestCacheAwareFilter@3a7e365, org.springframework.security.web.servletapi.SecurityContextHolderAwareRequestFilter@13c8ac77, org.springframework.security.web.authentication.AnonymousAuthenticationFilter@101ca8da, org.springframework.security.web.session.SessionManagementFilter@27abb6ca, org.springframework.security.web.access.ExceptionTranslationFilter@b0fd744, org.springframework.security.web.access.intercept.FilterSecurityInterceptor@6cd15072]
2020-08-16 23:16:32.969  INFO 4596 --- [task-1] com.zaxxer.hikari.HikariDataSource       : HikariPool-1 - Starting...
2020-08-16 23:16:34.381  INFO 4596 --- [main] DeferredRepositoryInitializationListener : Triggering deferred initialization of Spring Data repositories…
2020-08-16 23:16:38.113  INFO 4596 --- [task-1] com.zaxxer.hikari.HikariDataSource       : HikariPool-1 - Start completed.
2020-08-16 23:16:38.147  INFO 4596 --- [task-1] org.hibernate.dialect.Dialect            : HHH000400: Using dialect: org.hibernate.dialect.H2Dialect
2020-08-16 23:16:39.240  INFO 4596 --- [task-1] o.h.e.t.j.p.i.JtaPlatformInitiator       : HHH000490: Using JtaPlatform implementation: [org.hibernate.engine.transaction.jta.platform.internal.NoJtaPlatform]
2020-08-16 23:16:39.251  INFO 4596 --- [task-1] j.LocalContainerEntityManagerFactoryBean : Initialized JPA EntityManagerFactory for persistence unit 'default'
2020-08-16 23:16:39.652  INFO 4596 --- [main] DeferredRepositoryInitializationListener : Spring Data repositories initialized!
2020-08-16 23:16:39.664  INFO 4596 --- [main] .d.Deptempspbsecurityi18ApplicationTests : Started Deptempspbsecurityi18ApplicationTests in 11.367 seconds (JVM running for 12.858)
2020-08-16 23:16:39.742  INFO 4596 --- [SpringContextShutdownHook] j.LocalContainerEntityManagerFactoryBean : Closing JPA EntityManagerFactory for persistence unit 'default'
2020-08-16 23:16:39.746  INFO 4596 --- [SpringContextShutdownHook] o.s.s.concurrent.ThreadPoolTaskExecutor  : Shutting down ExecutorService 'applicationTaskExecutor'
2020-08-16 23:16:39.747  INFO 4596 --- [SpringContextShutdownHook] com.zaxxer.hikari.HikariDataSource       : HikariPool-1 - Shutdown initiated...
2020-08-16 23:16:40.022  INFO 4596 --- [SpringContextShutdownHook] com.zaxxer.hikari.HikariDataSource       : HikariPool-1 - Shutdown completed.
2020-08-16 23:19:37.656  INFO 7428 --- [main] .d.Deptempspbsecurityi18ApplicationTests : Starting Deptempspbsecurityi18ApplicationTests on LAPTOP-1NN8E0HU with PID 7428 (started by udhaya2cse in C:\Users\UDHAYA\Desktop\udhaysts\deptempsecurityi18nh2)
2020-08-16 23:19:37.659  INFO 7428 --- [main] .d.Deptempspbsecurityi18ApplicationTests : No active profile set, falling back to default profiles: default
2020-08-16 23:19:39.039  INFO 7428 --- [main] .s.d.r.c.RepositoryConfigurationDelegate : Bootstrapping Spring Data JPA repositories in DEFERRED mode.
2020-08-16 23:19:39.189  INFO 7428 --- [main] .s.d.r.c.RepositoryConfigurationDelegate : Finished Spring Data repository scanning in 134ms. Found 4 JPA repository interfaces.
2020-08-16 23:19:40.877  INFO 7428 --- [main] o.s.s.concurrent.ThreadPoolTaskExecutor  : Initializing ExecutorService 'applicationTaskExecutor'
2020-08-16 23:19:40.997  INFO 7428 --- [task-1] o.hibernate.jpa.internal.util.LogHelper  : HHH000204: Processing PersistenceUnitInfo [name: default]
2020-08-16 23:19:41.150  INFO 7428 --- [task-1] org.hibernate.Version                    : HHH000412: Hibernate ORM core version 5.4.18.Final
2020-08-16 23:19:41.159  WARN 7428 --- [main] JpaBaseConfiguration$JpaWebConfiguration : spring.jpa.open-in-view is enabled by default. Therefore, database queries may be performed during view rendering. Explicitly configure spring.jpa.open-in-view to disable this warning
2020-08-16 23:19:41.261  INFO 7428 --- [task-1] o.hibernate.annotations.common.Version   : HCANN000001: Hibernate Commons Annotations {5.1.0.Final}
2020-08-16 23:19:42.148  INFO 7428 --- [task-1] com.zaxxer.hikari.HikariDataSource       : HikariPool-1 - Starting...
2020-08-16 23:19:42.213  INFO 7428 --- [main] o.s.s.web.DefaultSecurityFilterChain     : Creating filter chain: any request, [org.springframework.security.web.context.request.async.WebAsyncManagerIntegrationFilter@70721c12, org.springframework.security.web.context.SecurityContextPersistenceFilter@6968c1d6, org.springframework.security.web.header.HeaderWriterFilter@e280403, org.springframework.security.web.authentication.logout.LogoutFilter@3069a360, org.springframework.security.web.authentication.UsernamePasswordAuthenticationFilter@f0020b1, org.springframework.security.web.savedrequest.RequestCacheAwareFilter@77f991c, org.springframework.security.web.servletapi.SecurityContextHolderAwareRequestFilter@3f6bf8aa, org.springframework.security.web.authentication.AnonymousAuthenticationFilter@769bd849, org.springframework.security.web.session.SessionManagementFilter@798dad3d, org.springframework.security.web.access.ExceptionTranslationFilter@64e1377c, org.springframework.security.web.access.intercept.FilterSecurityInterceptor@1860f3be]
2020-08-16 23:19:43.576  INFO 7428 --- [main] DeferredRepositoryInitializationListener : Triggering deferred initialization of Spring Data repositories…
2020-08-16 23:19:47.297  INFO 7428 --- [task-1] com.zaxxer.hikari.HikariDataSource       : HikariPool-1 - Start completed.
2020-08-16 23:19:47.319  INFO 7428 --- [task-1] org.hibernate.dialect.Dialect            : HHH000400: Using dialect: org.hibernate.dialect.H2Dialect
2020-08-16 23:19:48.343  INFO 7428 --- [task-1] o.h.e.t.j.p.i.JtaPlatformInitiator       : HHH000490: Using JtaPlatform implementation: [org.hibernate.engine.transaction.jta.platform.internal.NoJtaPlatform]
2020-08-16 23:19:48.353  INFO 7428 --- [task-1] j.LocalContainerEntityManagerFactoryBean : Initialized JPA EntityManagerFactory for persistence unit 'default'
2020-08-16 23:19:48.752  INFO 7428 --- [main] DeferredRepositoryInitializationListener : Spring Data repositories initialized!
2020-08-16 23:19:48.763  INFO 7428 --- [main] .d.Deptempspbsecurityi18ApplicationTests : Started Deptempspbsecurityi18ApplicationTests in 11.621 seconds (JVM running for 13.161)
2020-08-16 23:19:48.854  INFO 7428 --- [SpringContextShutdownHook] j.LocalContainerEntityManagerFactoryBean : Closing JPA EntityManagerFactory for persistence unit 'default'
2020-08-16 23:19:48.857  INFO 7428 --- [SpringContextShutdownHook] o.s.s.concurrent.ThreadPoolTaskExecutor  : Shutting down ExecutorService 'applicationTaskExecutor'
2020-08-16 23:19:48.859  INFO 7428 --- [SpringContextShutdownHook] com.zaxxer.hikari.HikariDataSource       : HikariPool-1 - Shutdown initiated...
2020-08-16 23:19:49.176  INFO 7428 --- [SpringContextShutdownHook] com.zaxxer.hikari.HikariDataSource       : HikariPool-1 - Shutdown completed.
2020-08-16 23:24:22.843  INFO 2348 --- [main] .d.Deptempspbsecurityi18ApplicationTests : Starting Deptempspbsecurityi18ApplicationTests on LAPTOP-1NN8E0HU with PID 2348 (started by udhaya2cse in C:\Users\UDHAYA\Desktop\udhaysts\deptempsecurityi18nh2)
2020-08-16 23:24:22.846  INFO 2348 --- [main] .d.Deptempspbsecurityi18ApplicationTests : No active profile set, falling back to default profiles: default
2020-08-16 23:24:24.088  INFO 2348 --- [main] .s.d.r.c.RepositoryConfigurationDelegate : Bootstrapping Spring Data JPA repositories in DEFERRED mode.
2020-08-16 23:24:24.220  INFO 2348 --- [main] .s.d.r.c.RepositoryConfigurationDelegate : Finished Spring Data repository scanning in 119ms. Found 4 JPA repository interfaces.
2020-08-16 23:24:25.695  INFO 2348 --- [main] o.s.s.concurrent.ThreadPoolTaskExecutor  : Initializing ExecutorService 'applicationTaskExecutor'
2020-08-16 23:24:25.802  INFO 2348 --- [task-1] o.hibernate.jpa.internal.util.LogHelper  : HHH000204: Processing PersistenceUnitInfo [name: default]
2020-08-16 23:24:25.946  INFO 2348 --- [task-1] org.hibernate.Version                    : HHH000412: Hibernate ORM core version 5.4.18.Final
2020-08-16 23:24:25.979  WARN 2348 --- [main] JpaBaseConfiguration$JpaWebConfiguration : spring.jpa.open-in-view is enabled by default. Therefore, database queries may be performed during view rendering. Explicitly configure spring.jpa.open-in-view to disable this warning
2020-08-16 23:24:26.044  INFO 2348 --- [task-1] o.hibernate.annotations.common.Version   : HCANN000001: Hibernate Commons Annotations {5.1.0.Final}
2020-08-16 23:24:26.987  INFO 2348 --- [task-1] com.zaxxer.hikari.HikariDataSource       : HikariPool-1 - Starting...
2020-08-16 23:24:27.056  INFO 2348 --- [main] o.s.s.web.DefaultSecurityFilterChain     : Creating filter chain: any request, [org.springframework.security.web.context.request.async.WebAsyncManagerIntegrationFilter@294f9d50, org.springframework.security.web.context.SecurityContextPersistenceFilter@42f85fa4, org.springframework.security.web.header.HeaderWriterFilter@6a1ef65c, org.springframework.security.web.authentication.logout.LogoutFilter@7cfac39f, org.springframework.security.web.authentication.UsernamePasswordAuthenticationFilter@4887de2b, org.springframework.security.web.savedrequest.RequestCacheAwareFilter@27abb6ca, org.springframework.security.web.servletapi.SecurityContextHolderAwareRequestFilter@12a470dd, org.springframework.security.web.authentication.AnonymousAuthenticationFilter@27443560, org.springframework.security.web.session.SessionManagementFilter@726934e2, org.springframework.security.web.access.ExceptionTranslationFilter@1163a27, org.springframework.security.web.access.intercept.FilterSecurityInterceptor@7f7b6639]
2020-08-16 23:24:31.074  INFO 2348 --- [main] DeferredRepositoryInitializationListener : Triggering deferred initialization of Spring Data repositories…
2020-08-16 23:24:32.228  INFO 2348 --- [task-1] com.zaxxer.hikari.HikariDataSource       : HikariPool-1 - Start completed.
2020-08-16 23:24:32.341  INFO 2348 --- [task-1] org.hibernate.dialect.Dialect            : HHH000400: Using dialect: org.hibernate.dialect.H2Dialect
2020-08-16 23:24:34.438  INFO 2348 --- [task-1] o.h.e.t.j.p.i.JtaPlatformInitiator       : HHH000490: Using JtaPlatform implementation: [org.hibernate.engine.transaction.jta.platform.internal.NoJtaPlatform]
2020-08-16 23:24:34.457  INFO 2348 --- [task-1] j.LocalContainerEntityManagerFactoryBean : Initialized JPA EntityManagerFactory for persistence unit 'default'
2020-08-16 23:24:35.141  INFO 2348 --- [main] DeferredRepositoryInitializationListener : Spring Data repositories initialized!
2020-08-16 23:24:35.158  INFO 2348 --- [main] .d.Deptempspbsecurityi18ApplicationTests : Started Deptempspbsecurityi18ApplicationTests in 12.849 seconds (JVM running for 14.32)
2020-08-16 23:24:35.299  INFO 2348 --- [SpringContextShutdownHook] j.LocalContainerEntityManagerFactoryBean : Closing JPA EntityManagerFactory for persistence unit 'default'
2020-08-16 23:24:35.303  INFO 2348 --- [SpringContextShutdownHook] o.s.s.concurrent.ThreadPoolTaskExecutor  : Shutting down ExecutorService 'applicationTaskExecutor'
2020-08-16 23:24:35.304  INFO 2348 --- [SpringContextShutdownHook] com.zaxxer.hikari.HikariDataSource       : HikariPool-1 - Shutdown initiated...
2020-08-16 23:24:35.655  INFO 2348 --- [SpringContextShutdownHook] com.zaxxer.hikari.HikariDataSource       : HikariPool-1 - Shutdown completed.
